<?xml version="1.0" encoding="UTF-8"?>
<!-- Generated by org.testng.reporters.JUnitReportReporter -->
<testsuite hostname="AbiyuD-TPL13Yoga" failures="0" tests="1" name="test.TestFilter" time="16.006" errors="0" timestamp="2021-08-05T11:00:29 WIB" skipped="0">
  <testcase classname="test.TestFilter" name="filterGift" time="16.006"/>
  <system-out/>
</testsuite> <!-- test.TestFilter -->
