<?xml version="1.0" encoding="UTF-8"?>
<!-- Generated by org.testng.reporters.JUnitReportReporter -->
<testsuite hostname="AbiyuD-TPL13Yoga" failures="0" tests="1" name="test.FilterNotFound" time="14.238" errors="0" timestamp="2021-08-08T11:19:34 WIB" skipped="0">
  <testcase classname="test.FilterNotFound" name="dataNotFound" time="14.238"/>
  <system-out/>
</testsuite> <!-- test.FilterNotFound -->
