<?xml version="1.0" encoding="UTF-8"?>
<!-- Generated by org.testng.reporters.JUnitReportReporter -->
<testsuite hostname="MSI" failures="0" tests="1" name="test.TestFilter" time="18.602" errors="0" timestamp="2021-08-08T10:15:06 WIB" skipped="0">
  <testcase classname="test.TestFilter" name="filterGift" time="18.602"/>
  <system-out/>
</testsuite> <!-- test.TestFilter -->
