<?xml version="1.0" encoding="UTF-8"?>
<!-- Generated by org.testng.reporters.JUnitReportReporter -->
<testsuite hostname="MSI" failures="0" tests="1" name="test.TestFilter" time="16.347" errors="0" timestamp="2021-08-08T11:48:49 WIB" skipped="0">
  <testcase classname="test.TestFilter" name="filterGift" time="16.347"/>
  <system-out/>
</testsuite> <!-- test.TestFilter -->
